<?xml version="1.0" encoding="UTF-8"?>
<!-- Generated by org.testng.reporters.JUnitReportReporter -->
<testsuite hostname="MACC02MXRWEFH00" name="com.webLocators.WebAutomation" tests="1" failures="0" timestamp="12 Aug 2017 12:30:07 GMT" time="2339.659" errors="0">
  <testcase name="Web" time="2339.659" classname="com.webLocators.WebAutomation"/>
</testsuite> <!-- com.webLocators.WebAutomation -->
